0 info it worked if it ends with ok
1 verbose cli [ '/home/rafael/.nvm/versions/node/v7.2.0/bin/node',
1 verbose cli   '/home/rafael/.nvm/versions/node/v7.2.0/bin/npm',
1 verbose cli   'run',
1 verbose cli   'babel-node',
1 verbose cli   './app.js' ]
2 info using npm@3.10.9
3 info using node@v7.2.0
4 verbose run-script [ 'prebabel-node', 'babel-node', 'postbabel-node' ]
5 info lifecycle api@1.0.0~prebabel-node: api@1.0.0
6 silly lifecycle api@1.0.0~prebabel-node: no script for prebabel-node, continuing
7 info lifecycle api@1.0.0~babel-node: api@1.0.0
8 verbose lifecycle api@1.0.0~babel-node: unsafe-perm in lifecycle true
9 verbose lifecycle api@1.0.0~babel-node: PATH: /home/rafael/.nvm/versions/node/v7.2.0/lib/node_modules/npm/bin/node-gyp-bin:/home/rafael/web/pet-shop-api/node_modules/.bin:/home/rafael/web/pet-shop-api/node_modules/.bin:/home/rafael/.nvm/versions/node/v7.2.0/lib/node_modules/npm/bin/node-gyp-bin:/home/rafael/web/pet-shop-api/node_modules/.bin:/home/rafael/.rvm/gems/ruby-2.2.10/bin:/home/rafael/.rvm/gems/ruby-2.2.10@global/bin:/home/rafael/.rvm/rubies/ruby-2.2.10/bin:/home/rafael/.nvm/versions/node/v7.2.0/bin:/usr/local/bin:/usr/local/sbin:/usr/bin:/usr/lib/jvm/default/bin:/usr/bin/site_perl:/usr/bin/vendor_perl:/usr/bin/core_perl:/home/rafael/.rvm/bin:/usr/lib/jvm/default/bin:/usr/bin/site_perl:/usr/bin/vendor_perl:/usr/bin/core_perl:/home/rafael/.rvm/bin
10 verbose lifecycle api@1.0.0~babel-node: CWD: /home/rafael/web/pet-shop-api
11 silly lifecycle api@1.0.0~babel-node: Args: [ '-c', 'babel-node --presets=latest "./app.js"' ]
12 silly lifecycle api@1.0.0~babel-node: Returned: code: 1  signal: null
13 info lifecycle api@1.0.0~babel-node: Failed to exec babel-node script
14 verbose stack Error: api@1.0.0 babel-node: `babel-node --presets=latest "./app.js"`
14 verbose stack Exit status 1
14 verbose stack     at EventEmitter.<anonymous> (/home/rafael/.nvm/versions/node/v7.2.0/lib/node_modules/npm/lib/utils/lifecycle.js:255:16)
14 verbose stack     at emitTwo (events.js:106:13)
14 verbose stack     at EventEmitter.emit (events.js:191:7)
14 verbose stack     at ChildProcess.<anonymous> (/home/rafael/.nvm/versions/node/v7.2.0/lib/node_modules/npm/lib/utils/spawn.js:40:14)
14 verbose stack     at emitTwo (events.js:106:13)
14 verbose stack     at ChildProcess.emit (events.js:191:7)
14 verbose stack     at maybeClose (internal/child_process.js:885:16)
14 verbose stack     at Process.ChildProcess._handle.onexit (internal/child_process.js:226:5)
15 verbose pkgid api@1.0.0
16 verbose cwd /home/rafael/web/pet-shop-api
17 error Linux 4.14.48-2-MANJARO
18 error argv "/home/rafael/.nvm/versions/node/v7.2.0/bin/node" "/home/rafael/.nvm/versions/node/v7.2.0/bin/npm" "run" "babel-node" "./app.js"
19 error node v7.2.0
20 error npm  v3.10.9
21 error code ELIFECYCLE
22 error api@1.0.0 babel-node: `babel-node --presets=latest "./app.js"`
22 error Exit status 1
23 error Failed at the api@1.0.0 babel-node script 'babel-node --presets=latest "./app.js"'.
23 error Make sure you have the latest version of node.js and npm installed.
23 error If you do, this is most likely a problem with the api package,
23 error not with npm itself.
23 error Tell the author that this fails on your system:
23 error     babel-node --presets=latest "./app.js"
23 error You can get information on how to open an issue for this project with:
23 error     npm bugs api
23 error Or if that isn't available, you can get their info via:
23 error     npm owner ls api
23 error There is likely additional logging output above.
24 verbose exit [ 1, true ]
